2018-05-19 20:51:58,254 CRIT Supervisor running as root (no user in config file)
2018-05-19 20:51:58,256 WARN Included extra file "/etc/supervisor/conf.d/supervisord.conf" during parsing
2018-05-19 20:51:58,312 INFO RPC interface 'supervisor' initialized
2018-05-19 20:51:58,313 CRIT Server 'unix_http_server' running without any HTTP authentication checking
2018-05-19 20:51:58,314 INFO supervisord started with pid 1
2018-05-19 20:51:59,328 INFO spawned: 'varnishd' with pid 13
2018-05-19 20:51:59,340 INFO spawned: 'php-fpm' with pid 14
2018-05-19 20:51:59,348 INFO spawned: 'varnish-plugins-watcher' with pid 15
2018-05-19 20:51:59,360 INFO spawned: 'nginx' with pid 16
2018-05-19 20:51:59,373 INFO spawned: 'MailHog' with pid 17
2018-05-19 20:51:59,385 INFO spawned: 'mysql' with pid 18
2018-05-19 20:51:59,393 INFO spawned: 'varnish-themes-watcher' with pid 21
2018-05-19 20:52:00,551 INFO success: varnishd entered RUNNING state, process has stayed up for > than 1 seconds (startsecs)
2018-05-19 20:52:00,552 INFO success: php-fpm entered RUNNING state, process has stayed up for > than 1 seconds (startsecs)
2018-05-19 20:52:00,553 INFO success: varnish-plugins-watcher entered RUNNING state, process has stayed up for > than 1 seconds (startsecs)
2018-05-19 20:52:00,555 INFO success: nginx entered RUNNING state, process has stayed up for > than 1 seconds (startsecs)
2018-05-19 20:52:00,557 INFO success: MailHog entered RUNNING state, process has stayed up for > than 1 seconds (startsecs)
2018-05-19 20:52:00,559 INFO success: mysql entered RUNNING state, process has stayed up for > than 1 seconds (startsecs)
2018-05-19 20:52:00,562 INFO success: varnish-themes-watcher entered RUNNING state, process has stayed up for > than 1 seconds (startsecs)
2018-05-19 22:39:04,408 WARN received SIGTERM indicating exit request
2018-05-19 22:39:04,410 INFO waiting for varnishd, php-fpm, varnish-plugins-watcher, nginx, MailHog, mysql, varnish-themes-watcher to die
2018-05-19 22:39:05,435 INFO stopped: varnish-themes-watcher (terminated by SIGTERM)
2018-05-19 22:39:05,561 INFO stopped: mysql (exit status 0)
2018-05-19 22:39:05,565 INFO stopped: MailHog (terminated by SIGTERM)
2018-05-19 22:39:05,650 INFO stopped: nginx (exit status 0)
2018-05-19 22:39:06,663 INFO stopped: varnish-plugins-watcher (terminated by SIGTERM)
2018-05-19 22:39:06,709 INFO stopped: php-fpm (exit status 0)
2018-05-19 22:39:07,718 INFO waiting for varnishd to die
2018-05-19 22:39:07,816 CRIT reaped unknown pid 22)
2018-05-19 22:39:07,924 INFO stopped: varnishd (exit status 0)
2018-05-20 22:08:17,331 CRIT Supervisor running as root (no user in config file)
2018-05-20 22:08:17,349 WARN Included extra file "/etc/supervisor/conf.d/supervisord.conf" during parsing
2018-05-20 22:08:17,681 INFO RPC interface 'supervisor' initialized
2018-05-20 22:08:17,683 CRIT Server 'unix_http_server' running without any HTTP authentication checking
2018-05-20 22:08:17,684 INFO supervisord started with pid 1
2018-05-20 22:08:18,699 INFO spawned: 'varnishd' with pid 39
2018-05-20 22:08:18,724 INFO spawned: 'php-fpm' with pid 40
2018-05-20 22:08:18,734 INFO spawned: 'varnish-plugins-watcher' with pid 41
2018-05-20 22:08:18,770 INFO spawned: 'nginx' with pid 42
2018-05-20 22:08:18,788 INFO spawned: 'MailHog' with pid 43
2018-05-20 22:08:18,800 INFO spawned: 'mysql' with pid 44
2018-05-20 22:08:18,809 INFO spawned: 'varnish-themes-watcher' with pid 45
2018-05-20 22:08:19,812 INFO success: varnishd entered RUNNING state, process has stayed up for > than 1 seconds (startsecs)
2018-05-20 22:08:19,814 INFO success: php-fpm entered RUNNING state, process has stayed up for > than 1 seconds (startsecs)
2018-05-20 22:08:19,815 INFO success: varnish-plugins-watcher entered RUNNING state, process has stayed up for > than 1 seconds (startsecs)
2018-05-20 22:08:19,816 INFO success: nginx entered RUNNING state, process has stayed up for > than 1 seconds (startsecs)
2018-05-20 22:08:19,817 INFO success: MailHog entered RUNNING state, process has stayed up for > than 1 seconds (startsecs)
2018-05-20 22:08:19,820 INFO success: mysql entered RUNNING state, process has stayed up for > than 1 seconds (startsecs)
2018-05-20 22:08:19,821 INFO success: varnish-themes-watcher entered RUNNING state, process has stayed up for > than 1 seconds (startsecs)
2018-05-23 20:04:54,819 WARN received SIGTERM indicating exit request
2018-05-23 20:04:54,898 INFO waiting for varnishd, php-fpm, varnish-plugins-watcher, nginx, MailHog, mysql, varnish-themes-watcher to die
2018-05-23 20:04:55,900 INFO stopped: varnish-themes-watcher (terminated by SIGTERM)
2018-05-23 20:04:55,926 INFO stopped: mysql (exit status 0)
2018-05-23 20:04:56,100 INFO stopped: MailHog (terminated by SIGTERM)
2018-05-23 20:04:56,669 INFO stopped: nginx (exit status 0)
2018-05-23 20:04:57,680 INFO stopped: varnish-plugins-watcher (terminated by SIGTERM)
2018-05-23 20:04:58,703 INFO stopped: php-fpm (exit status 0)
2018-05-23 20:04:58,721 INFO waiting for varnishd to die
2018-05-23 20:04:59,879 CRIT reaped unknown pid 46)
2018-05-23 20:05:00,310 INFO stopped: varnishd (exit status 0)
2018-05-24 00:11:19,184 CRIT Supervisor running as root (no user in config file)
2018-05-24 00:11:19,186 WARN Included extra file "/etc/supervisor/conf.d/supervisord.conf" during parsing
2018-05-24 00:11:19,536 INFO RPC interface 'supervisor' initialized
2018-05-24 00:11:19,538 CRIT Server 'unix_http_server' running without any HTTP authentication checking
2018-05-24 00:11:19,541 INFO supervisord started with pid 1
2018-05-24 00:11:20,570 INFO spawned: 'varnishd' with pid 44
2018-05-24 00:11:20,599 INFO spawned: 'php-fpm' with pid 45
2018-05-24 00:11:20,612 INFO spawned: 'varnish-plugins-watcher' with pid 46
2018-05-24 00:11:20,638 INFO spawned: 'nginx' with pid 47
2018-05-24 00:11:20,650 INFO spawned: 'MailHog' with pid 48
2018-05-24 00:11:20,663 INFO spawned: 'mysql' with pid 49
2018-05-24 00:11:20,671 INFO spawned: 'varnish-themes-watcher' with pid 50
2018-05-24 00:11:21,677 INFO success: varnishd entered RUNNING state, process has stayed up for > than 1 seconds (startsecs)
2018-05-24 00:11:21,681 INFO success: php-fpm entered RUNNING state, process has stayed up for > than 1 seconds (startsecs)
2018-05-24 00:11:21,683 INFO success: varnish-plugins-watcher entered RUNNING state, process has stayed up for > than 1 seconds (startsecs)
2018-05-24 00:11:21,690 INFO success: nginx entered RUNNING state, process has stayed up for > than 1 seconds (startsecs)
2018-05-24 00:11:21,694 INFO success: MailHog entered RUNNING state, process has stayed up for > than 1 seconds (startsecs)
2018-05-24 00:11:21,696 INFO success: mysql entered RUNNING state, process has stayed up for > than 1 seconds (startsecs)
2018-05-24 00:11:21,699 INFO success: varnish-themes-watcher entered RUNNING state, process has stayed up for > than 1 seconds (startsecs)
2018-05-24 00:21:22,635 WARN received SIGTERM indicating exit request
2018-05-24 00:21:22,636 INFO waiting for varnishd, php-fpm, varnish-plugins-watcher, nginx, MailHog, mysql, varnish-themes-watcher to die
2018-05-24 00:21:23,467 INFO stopped: varnish-themes-watcher (terminated by SIGTERM)
2018-05-24 00:21:23,480 INFO stopped: mysql (exit status 0)
2018-05-24 00:21:23,488 INFO stopped: MailHog (terminated by SIGTERM)
2018-05-24 00:21:23,581 INFO stopped: nginx (exit status 0)
2018-05-24 00:21:24,587 INFO stopped: varnish-plugins-watcher (terminated by SIGTERM)
2018-05-24 00:21:24,638 INFO stopped: php-fpm (exit status 0)
2018-05-24 00:21:25,653 INFO waiting for varnishd to die
2018-05-24 00:21:25,877 INFO stopped: varnishd (exit status 0)
2018-05-29 17:02:00,389 CRIT Supervisor running as root (no user in config file)
2018-05-29 17:02:00,398 WARN Included extra file "/etc/supervisor/conf.d/supervisord.conf" during parsing
2018-05-29 17:02:00,637 INFO RPC interface 'supervisor' initialized
2018-05-29 17:02:00,638 CRIT Server 'unix_http_server' running without any HTTP authentication checking
2018-05-29 17:02:00,639 INFO supervisord started with pid 1
2018-05-29 17:02:01,665 INFO spawned: 'varnishd' with pid 44
2018-05-29 17:02:01,710 INFO spawned: 'php-fpm' with pid 45
2018-05-29 17:02:01,725 INFO spawned: 'varnish-plugins-watcher' with pid 46
2018-05-29 17:02:01,798 INFO spawned: 'nginx' with pid 47
2018-05-29 17:02:01,816 INFO spawned: 'MailHog' with pid 48
2018-05-29 17:02:01,829 INFO spawned: 'mysql' with pid 49
2018-05-29 17:02:01,840 INFO spawned: 'varnish-themes-watcher' with pid 50
2018-05-29 17:02:02,896 INFO success: varnishd entered RUNNING state, process has stayed up for > than 1 seconds (startsecs)
2018-05-29 17:02:02,898 INFO success: php-fpm entered RUNNING state, process has stayed up for > than 1 seconds (startsecs)
2018-05-29 17:02:02,899 INFO success: varnish-plugins-watcher entered RUNNING state, process has stayed up for > than 1 seconds (startsecs)
2018-05-29 17:02:02,900 INFO success: nginx entered RUNNING state, process has stayed up for > than 1 seconds (startsecs)
2018-05-29 17:02:02,901 INFO success: MailHog entered RUNNING state, process has stayed up for > than 1 seconds (startsecs)
2018-05-29 17:02:02,902 INFO success: mysql entered RUNNING state, process has stayed up for > than 1 seconds (startsecs)
2018-05-29 17:02:02,903 INFO success: varnish-themes-watcher entered RUNNING state, process has stayed up for > than 1 seconds (startsecs)
