[19-May-2018 20:55:12 UTC] PHP Parse error:  syntax error, unexpected '<', expecting end of file in phar:///usr/local/bin/wp/vendor/rmccue/requests/library/Requests.php on line 212
[19-May-2018 20:55:13 UTC] PHP Parse error:  syntax error, unexpected '<', expecting end of file in phar:///usr/local/bin/wp/vendor/rmccue/requests/library/Requests.php on line 212
[19-May-2018 21:15:29 UTC] PHP Parse error:  syntax error, unexpected '<', expecting end of file in /app/public/experiment.php on line 3
[19-May-2018 21:15:53 UTC] PHP Notice:  Use of undefined constant myName - assumed 'myName' in /app/public/experiment.php on line 4
[19-May-2018 21:15:53 UTC] PHP Notice:  Use of undefined constant myName - assumed 'myName' in /app/public/experiment.php on line 6
[19-May-2018 21:45:50 UTC] PHP Parse error:  syntax error, unexpected 'info' (T_STRING) in /app/public/wp-content/themes/pretendUniversityTheme/index.php on line 9
[19-May-2018 21:46:21 UTC] PHP Parse error:  syntax error, unexpected 'info' (T_STRING) in /app/public/wp-content/themes/pretendUniversityTheme/index.php on line 9
[19-May-2018 21:54:38 UTC] PHP Fatal error:  Cannot use [] for reading in /app/public/wp-content/themes/pretendUniversityTheme/index.php on line 15
[19-May-2018 22:01:33 UTC] PHP Parse error:  syntax error, unexpected '$count' (T_VARIABLE), expecting ',' or ';' in /app/public/wp-content/themes/pretendUniversityTheme/index.php on line 17
[19-May-2018 22:17:00 UTC] PHP Parse error:  syntax error, unexpected end of file in /app/public/wp-content/themes/pretendUniversityTheme/index.php on line 8
[19-May-2018 22:17:22 UTC] PHP Parse error:  syntax error, unexpected '}' in /app/public/wp-content/themes/pretendUniversityTheme/index.php on line 6
[19-May-2018 22:18:06 UTC] PHP Parse error:  syntax error, unexpected '}' in /app/public/wp-content/themes/pretendUniversityTheme/index.php on line 6
[19-May-2018 22:19:12 UTC] PHP Parse error:  syntax error, unexpected '}' in /app/public/wp-content/themes/pretendUniversityTheme/index.php on line 6
[19-May-2018 22:19:31 UTC] PHP Parse error:  syntax error, unexpected end of file in /app/public/wp-content/themes/pretendUniversityTheme/index.php on line 8
[19-May-2018 22:20:47 UTC] PHP Parse error:  syntax error, unexpected ')' in /app/public/wp-content/themes/pretendUniversityTheme/index.php on line 5
[19-May-2018 22:22:33 UTC] PHP Parse error:  syntax error, unexpected end of file, expecting variable (T_VARIABLE) or ${ (T_DOLLAR_OPEN_CURLY_BRACES) or {$ (T_CURLY_OPEN) in /app/public/wp-content/themes/pretendUniversityTheme/index.php on line 10
[19-May-2018 22:23:00 UTC] PHP Parse error:  syntax error, unexpected end of file, expecting variable (T_VARIABLE) or ${ (T_DOLLAR_OPEN_CURLY_BRACES) or {$ (T_CURLY_OPEN) in /app/public/wp-content/themes/pretendUniversityTheme/index.php on line 10
[20-May-2018 22:24:46 UTC] PHP Parse error:  syntax error, unexpected ')' in /app/public/wp-content/themes/pretendUniversityTheme/header.php on line 4
[20-May-2018 22:53:43 UTC] PHP Parse error:  syntax error, unexpected '<', expecting end of file in /app/public/wp-content/themes/pretendUniversityTheme/index.php on line 4
[20-May-2018 23:09:18 UTC] PHP Fatal error:  Uncaught Error: Call to undefined function script() in /app/public/wp-content/themes/pretendUniversityTheme/functions.php:6
Stack trace:
#0 /app/public/wp-includes/class-wp-hook.php(286): university_files('')
#1 /app/public/wp-includes/class-wp-hook.php(310): WP_Hook->apply_filters('', Array)
#2 /app/public/wp-includes/plugin.php(453): WP_Hook->do_action(Array)
#3 /app/public/wp-includes/script-loader.php(1447): do_action('wp_enqueue_scri...')
#4 /app/public/wp-includes/class-wp-hook.php(286): wp_enqueue_scripts('')
#5 /app/public/wp-includes/class-wp-hook.php(310): WP_Hook->apply_filters(NULL, Array)
#6 /app/public/wp-includes/plugin.php(453): WP_Hook->do_action(Array)
#7 /app/public/wp-includes/general-template.php(2614): do_action('wp_head')
#8 /app/public/wp-content/themes/pretendUniversityTheme/header.php(4): wp_head()
#9 /app/public/wp-includes/template.php(688): require_once('/app/public/wp-...')
#10 /app/public/wp-includes/template.php(647): load_template('/app/public/wp-...', true)
#11 /app/public/wp in /app/public/wp-content/themes/pretendUniversityTheme/functions.php on line 6
[20-May-2018 23:11:14 UTC] PHP Fatal error:  Uncaught Error: Call to undefined function script() in /app/public/wp-content/themes/pretendUniversityTheme/functions.php:6
Stack trace:
#0 /app/public/wp-includes/class-wp-hook.php(286): university_files('')
#1 /app/public/wp-includes/class-wp-hook.php(310): WP_Hook->apply_filters('', Array)
#2 /app/public/wp-includes/plugin.php(453): WP_Hook->do_action(Array)
#3 /app/public/wp-includes/script-loader.php(1447): do_action('wp_enqueue_scri...')
#4 /app/public/wp-includes/class-wp-hook.php(286): wp_enqueue_scripts('')
#5 /app/public/wp-includes/class-wp-hook.php(310): WP_Hook->apply_filters(NULL, Array)
#6 /app/public/wp-includes/plugin.php(453): WP_Hook->do_action(Array)
#7 /app/public/wp-includes/general-template.php(2614): do_action('wp_head')
#8 /app/public/wp-content/themes/pretendUniversityTheme/header.php(4): wp_head()
#9 /app/public/wp-includes/template.php(688): require_once('/app/public/wp-...')
#10 /app/public/wp-includes/template.php(647): load_template('/app/public/wp-...', true)
#11 /app/public/wp in /app/public/wp-content/themes/pretendUniversityTheme/functions.php on line 6
[21-May-2018 17:53:16 UTC] PHP Parse error:  syntax error, unexpected '">About Us</a></li>' (T_CONSTANT_ENCAPSED_STRING), expecting ',' or ';' in /app/public/wp-content/themes/pretendUniversityTheme/header.php on line 17
[21-May-2018 17:53:34 UTC] PHP Parse error:  syntax error, unexpected '>' in /app/public/wp-content/themes/pretendUniversityTheme/header.php on line 18
[21-May-2018 18:02:58 UTC] PHP Fatal error:  Uncaught Error: Call to undefined function this_title() in /app/public/wp-content/themes/pretendUniversityTheme/page.php:22
Stack trace:
#0 /app/public/wp-includes/template-loader.php(74): include()
#1 /app/public/wp-blog-header.php(19): require_once('/app/public/wp-...')
#2 /app/public/index.php(17): require('/app/public/wp-...')
#3 {main}
  thrown in /app/public/wp-content/themes/pretendUniversityTheme/page.php on line 22
[21-May-2018 18:02:59 UTC] PHP Fatal error:  Uncaught Error: Call to undefined function this_title() in /app/public/wp-content/themes/pretendUniversityTheme/page.php:22
Stack trace:
#0 /app/public/wp-includes/template-loader.php(74): include()
#1 /app/public/wp-blog-header.php(19): require_once('/app/public/wp-...')
#2 /app/public/index.php(17): require('/app/public/wp-...')
#3 {main}
  thrown in /app/public/wp-content/themes/pretendUniversityTheme/page.php on line 22
[21-May-2018 18:03:02 UTC] PHP Fatal error:  Uncaught Error: Call to undefined function this_title() in /app/public/wp-content/themes/pretendUniversityTheme/page.php:22
Stack trace:
#0 /app/public/wp-includes/template-loader.php(74): include()
#1 /app/public/wp-blog-header.php(19): require_once('/app/public/wp-...')
#2 /app/public/index.php(17): require('/app/public/wp-...')
#3 {main}
  thrown in /app/public/wp-content/themes/pretendUniversityTheme/page.php on line 22
[21-May-2018 18:11:26 UTC] PHP Parse error:  syntax error, unexpected '<' in /app/public/wp-content/themes/pretendUniversityTheme/page.php on line 23
[21-May-2018 18:11:56 UTC] PHP Parse error:  syntax error, unexpected end of file in /app/public/wp-content/themes/pretendUniversityTheme/page.php on line 53
[21-May-2018 18:12:30 UTC] PHP Parse error:  syntax error, unexpected '}' in /app/public/wp-content/themes/pretendUniversityTheme/page.php on line 27
[21-May-2018 18:37:36 UTC] PHP Parse error:  syntax error, unexpected ';', expecting ')' in /app/public/wp-content/themes/pretendUniversityTheme/page.php on line 44
[23-May-2018 16:43:29 UTC] PHP Warning:  Invalid argument supplied for foreach() in /app/public/wp-includes/update.php on line 357
[23-May-2018 16:43:29 UTC] PHP Warning:  Invalid argument supplied for foreach() in /app/public/wp-includes/update.php on line 367
[23-May-2018 17:21:35 UTC] PHP Parse error:  syntax error, unexpected 'viewport' (T_STRING) in /app/public/wp-content/themes/pretendUniversityTheme/header.php on line 5
[23-May-2018 17:22:12 UTC] PHP Parse error:  syntax error, unexpected 'viewport' (T_STRING) in /app/public/wp-content/themes/pretendUniversityTheme/header.php on line 5
[23-May-2018 17:22:38 UTC] PHP Parse error:  syntax error, unexpected 'viewport' (T_STRING) in /app/public/wp-content/themes/pretendUniversityTheme/header.php on line 5
[23-May-2018 17:23:03 UTC] PHP Parse error:  syntax error, unexpected 'viewport' (T_STRING) in /app/public/wp-content/themes/pretendUniversityTheme/header.php on line 5
[23-May-2018 17:24:05 UTC] PHP Parse error:  syntax error, unexpected 'viewport' (T_STRING) in /app/public/wp-content/themes/pretendUniversityTheme/header.php on line 5
[29-May-2018 17:22:17 UTC] PHP Parse error:  syntax error, unexpected '}' in /app/public/wp-content/themes/pretendUniversityTheme/functions.php on line 10
[29-May-2018 17:22:17 UTC] PHP Parse error:  syntax error, unexpected '}' in /app/public/wp-content/themes/pretendUniversityTheme/functions.php on line 10
[04-Jun-2018 18:54:24 UTC] PHP Fatal error:  Uncaught Error: Call to undefined function get_the_catergory_list() in /app/public/wp-content/themes/pretendUniversityTheme/index.php:22
Stack trace:
#0 /app/public/wp-includes/template-loader.php(74): include()
#1 /app/public/wp-blog-header.php(19): require_once('/app/public/wp-...')
#2 /app/public/index.php(17): require('/app/public/wp-...')
#3 {main}
  thrown in /app/public/wp-content/themes/pretendUniversityTheme/index.php on line 22
[04-Jun-2018 18:54:46 UTC] PHP Fatal error:  Uncaught Error: Call to undefined function get_the_catergory_list() in /app/public/wp-content/themes/pretendUniversityTheme/index.php:22
Stack trace:
#0 /app/public/wp-includes/template-loader.php(74): include()
#1 /app/public/wp-blog-header.php(19): require_once('/app/public/wp-...')
#2 /app/public/index.php(17): require('/app/public/wp-...')
#3 {main}
  thrown in /app/public/wp-content/themes/pretendUniversityTheme/index.php on line 22
[04-Jun-2018 19:02:37 UTC] PHP Parse error:  syntax error, unexpected end of file in /app/public/wp-content/themes/pretendUniversityTheme/single.php on line 28
[04-Jun-2018 19:03:11 UTC] PHP Parse error:  syntax error, unexpected end of file in /app/public/wp-content/themes/pretendUniversityTheme/single.php on line 28
[04-Jun-2018 19:04:21 UTC] PHP Parse error:  syntax error, unexpected end of file in /app/public/wp-content/themes/pretendUniversityTheme/single.php on line 30
[04-Jun-2018 19:04:38 UTC] PHP Parse error:  syntax error, unexpected end of file in /app/public/wp-content/themes/pretendUniversityTheme/single.php on line 29
[04-Jun-2018 19:05:01 UTC] PHP Parse error:  syntax error, unexpected end of file in /app/public/wp-content/themes/pretendUniversityTheme/single.php on line 31
